<?xml version="1.0" encoding="UTF-8"?>
<testsuite xmlns:xsi="http://www.w3.org/2001/XMLSchema-instance" xsi:noNamespaceSchemaLocation="https://maven.apache.org/surefire/maven-surefire-plugin/xsd/surefire-test-report.xsd" version="3.0.2" name="com.examly.springapp.SpringappApplicationTests" time="8.485" tests="79" errors="0" skipped="0" failures="0">
  <properties>
[...]
</properties>
  <testcase name="Day3_test_Controller_Directory_Exists" classname="com.examly.springapp.SpringappApplicationTests" time="0.627">
    <system-out><![CDATA[03:49:03.694 [main] INFO org.springframework.test.context.support.AnnotationConfigContextLoaderUtils -- Could not detect default configuration classes for test class [com.examly.springapp.SpringappApplicationTests]: SpringappApplicationTests does not declare any static, non-private, non-final, nested classes annotated with @Configuration.
03:49:03.799 [main] INFO org.springframework.boot.test.context.SpringBootTestContextBootstrapper -- Found @SpringBootConfiguration com.examly.springapp.SpringappApplication for test class com.examly.springapp.SpringappApplicationTests
03:49:03.922 [main] INFO org.springframework.boot.devtools.restart.RestartApplicationListener -- Restart disabled due to context in which it is running

  .   ____          _            __ _ _
 /\\ / ___'_ __ _ _(_)_ __  __ _ \ \ \ \
( ( )\___ | '_ | '_| | '_ \/ _` | \ \ \ \
 \\/  ___)| |_)| | | | | || (_| |  ) ) ) )
  '  |____| .__|_| |_|_| |_\__, | / / / /
 =========|_|==============|___/=/_/_/_/

 :: Spring Boot ::               (v3.4.12)

2025-12-27T03:49:04.143Z  INFO 877 --- [           main] c.e.springapp.SpringappApplicationTests  : Starting SpringappApplicationTests using Java 17.0.17 with PID 877 (started by coder in /home/coder/project/workspace/springapp)
2025-12-27T03:49:04.144Z  INFO 877 --- [           main] c.e.springapp.SpringappApplicationTests  : No active profile set, falling back to 1 default profile: "default"
2025-12-27T03:49:05.004Z  INFO 877 --- [           main] .s.d.r.c.RepositoryConfigurationDelegate : Bootstrapping Spring Data JPA repositories in DEFAULT mode.
2025-12-27T03:49:05.089Z  INFO 877 --- [           main] .s.d.r.c.RepositoryConfigurationDelegate : Finished Spring Data repository scanning in 46 ms. Found 5 JPA repository interfaces.
2025-12-27T03:49:05.369Z  INFO 877 --- [           main] o.hibernate.jpa.internal.util.LogHelper  : HHH000204: Processing PersistenceUnitInfo [name: default]
2025-12-27T03:49:05.401Z  INFO 877 --- [           main] org.hibernate.Version                    : HHH000412: Hibernate ORM core version 6.6.36.Final
2025-12-27T03:49:05.424Z  INFO 877 --- [           main] o.h.c.internal.RegionFactoryInitiator    : HHH000026: Second-level cache disabled
2025-12-27T03:49:05.616Z  INFO 877 --- [           main] o.s.o.j.p.SpringPersistenceUnitInfo      : No LoadTimeWeaver setup: ignoring JPA class transformer
2025-12-27T03:49:05.641Z  INFO 877 --- [           main] com.zaxxer.hikari.HikariDataSource       : HikariPool-1 - Starting...
2025-12-27T03:49:05.881Z  INFO 877 --- [           main] com.zaxxer.hikari.pool.HikariPool        : HikariPool-1 - Added connection com.mysql.cj.jdbc.ConnectionImpl@66715ca9
2025-12-27T03:49:05.883Z  INFO 877 --- [           main] com.zaxxer.hikari.HikariDataSource       : HikariPool-1 - Start completed.
2025-12-27T03:49:05.901Z  WARN 877 --- [           main] org.hibernate.orm.deprecation            : HHH90000025: MySQL8Dialect does not need to be specified explicitly using 'hibernate.dialect' (remove the property setting and it will be selected by default)
2025-12-27T03:49:05.902Z  WARN 877 --- [           main] org.hibernate.orm.deprecation            : HHH90000026: MySQL8Dialect has been deprecated; use org.hibernate.dialect.MySQLDialect instead
2025-12-27T03:49:05.919Z  INFO 877 --- [           main] org.hibernate.orm.connections.pooling    : HHH10001005: Database info:
	Database JDBC URL [Connecting through datasource 'HikariDataSource (HikariPool-1)']
	Database driver: undefined/unknown
	Database version: 8.0
	Autocommit mode: undefined/unknown
	Isolation level: undefined/unknown
	Minimum pool size: undefined/unknown
	Maximum pool size: undefined/unknown
2025-12-27T03:49:06.963Z  INFO 877 --- [           main] o.h.e.t.j.p.i.JtaPlatformInitiator       : HHH000489: No JTA platform available (set 'hibernate.transaction.jta.platform' to enable JTA platform integration)
Hibernate: alter table product drop foreign key FK1mtsbur82frn64de7balymq9s
Hibernate: alter table stock_entry drop foreign key FK2ayf1yfu76cugbvn3dmpmf1pl
Hibernate: alter table stock_entry drop foreign key FKg13229cj50woprgnb8wevak5k
Hibernate: alter table stock_movement drop foreign key FKq63e7y5l2pnh2tt2lvxlquvbf
Hibernate: alter table stock_movement drop foreign key FKmp40immc6bpap7qpthgr3ff2g
Hibernate: drop table if exists category
Hibernate: drop table if exists product
Hibernate: drop table if exists stock_entry
Hibernate: drop table if exists stock_movement
Hibernate: drop table if exists warehouse
Hibernate: create table category (category_id bigint not null auto_increment, category_name varchar(255), primary key (category_id)) engine=InnoDB
Hibernate: create table product (category_id bigint, product_id bigint not null auto_increment, description varchar(255), product_name varchar(255), primary key (product_id)) engine=InnoDB
Hibernate: create table stock_entry (quantity integer not null, product_id bigint, stock_entry_id bigint not null auto_increment, warehouse_id bigint, primary key (stock_entry_id)) engine=InnoDB
Hibernate: create table stock_movement (quantity integer not null, product_id bigint, stock_movement_id bigint not null auto_increment, warehouse_id bigint, movement_type varchar(255), primary key (stock_movement_id)) engine=InnoDB
Hibernate: create table warehouse (warehouse_id bigint not null auto_increment, location varchar(255), name varchar(255), primary key (warehouse_id)) engine=InnoDB
Hibernate: alter table product add constraint FK1mtsbur82frn64de7balymq9s foreign key (category_id) references category (category_id)
Hibernate: alter table stock_entry add constraint FK2ayf1yfu76cugbvn3dmpmf1pl foreign key (product_id) references product (product_id)
Hibernate: alter table stock_entry add constraint FKg13229cj50woprgnb8wevak5k foreign key (warehouse_id) references warehouse (warehouse_id)
Hibernate: alter table stock_movement add constraint FKq63e7y5l2pnh2tt2lvxlquvbf foreign key (product_id) references product (product_id)
Hibernate: alter table stock_movement add constraint FKmp40immc6bpap7qpthgr3ff2g foreign key (warehouse_id) references warehouse (warehouse_id)
2025-12-27T03:49:07.408Z  INFO 877 --- [           main] j.LocalContainerEntityManagerFactoryBean : Initialized JPA EntityManagerFactory for persistence unit 'default'
2025-12-27T03:49:07.863Z  INFO 877 --- [           main] o.s.d.j.r.query.QueryEnhancerFactory     : Hibernate is in classpath; If applicable, HQL parser will be used.
2025-12-27T03:49:08.777Z  WARN 877 --- [           main] JpaBaseConfiguration$JpaWebConfiguration : spring.jpa.open-in-view is enabled by default. Therefore, database queries may be performed during view rendering. Explicitly configure spring.jpa.open-in-view to disable this warning
2025-12-27T03:49:09.578Z  INFO 877 --- [           main] o.s.b.t.m.w.SpringBootMockServletContext : Initializing Spring TestDispatcherServlet ''
2025-12-27T03:49:09.578Z  INFO 877 --- [           main] o.s.t.web.servlet.TestDispatcherServlet  : Initializing Servlet ''
2025-12-27T03:49:09.580Z  INFO 877 --- [           main] o.s.t.web.servlet.TestDispatcherServlet  : Completed initialization in 1 ms
2025-12-27T03:49:09.651Z  INFO 877 --- [           main] c.e.springapp.SpringappApplicationTests  : Started SpringappApplicationTests in 5.739 seconds (process running for 6.586)
]]></system-out>
  </testcase>
  <testcase name="Day3_test_Model_Directory_Exists" classname="com.examly.springapp.SpringappApplicationTests" time="0.048"/>
  <testcase name="Day3_test_Service_Directory_Exists" classname="com.examly.springapp.SpringappApplicationTests" time="0.004"/>
  <testcase name="Day3_test_Repository_Directory_Exists" classname="com.examly.springapp.SpringappApplicationTests" time="0.004"/>
  <testcase name="Day4_test_CategoryModel_File_Exists" classname="com.examly.springapp.SpringappApplicationTests" time="0.003"/>
  <testcase name="Day4_test_ProductModel_File_Exists" classname="com.examly.springapp.SpringappApplicationTests" time="0.003"/>
  <testcase name="Day4_test_StockEntry_File_Exists" classname="com.examly.springapp.SpringappApplicationTests" time="0.003"/>
  <testcase name="Day4_test_StockMovement_File_Exists" classname="com.examly.springapp.SpringappApplicationTests" time="0.004"/>
  <testcase name="Day4_test_WareHouse_File_Exists" classname="com.examly.springapp.SpringappApplicationTests" time="0.004"/>
  <testcase name="Day4_test_Product_Has_Entity_Annotation" classname="com.examly.springapp.SpringappApplicationTests" time="0.004"/>
  <testcase name="test_Product_Has_Id_Annotation_On_Field" classname="com.examly.springapp.SpringappApplicationTests" time="0.004"/>
  <testcase name="Day5_testCategoryRepo_File_Exists" classname="com.examly.springapp.SpringappApplicationTests" time="0.004"/>
  <testcase name="Day5_testProductRepo_File_Exists" classname="com.examly.springapp.SpringappApplicationTests" time="0.049"/>
  <testcase name="Day5_testStockEntryRepo_File_Exists" classname="com.examly.springapp.SpringappApplicationTests" time="0.004"/>
  <testcase name="Day5_testStockMovementRepo_File_Exists" classname="com.examly.springapp.SpringappApplicationTests" time="0.005"/>
  <testcase name="Day5_testWarehouseRepo_File_Exists" classname="com.examly.springapp.SpringappApplicationTests" time="0.004"/>
  <testcase name="Day5_test_ProductRepo_Has_Repository_Annotation" classname="com.examly.springapp.SpringappApplicationTests" time="0.004"/>
  <testcase name="Day5_test_CategoryRepo_Has_Repository_Annotation" classname="com.examly.springapp.SpringappApplicationTests" time="0.004"/>
  <testcase name="Day5_test_StockEntryRepo_Has_Repository_Annotation" classname="com.examly.springapp.SpringappApplicationTests" time="0.004"/>
  <testcase name="Day5_test_StockMovementRepo_Has_Repository_Annotation" classname="com.examly.springapp.SpringappApplicationTests" time="0.004"/>
  <testcase name="Day5_test_WareHouseRepo_Has_Repository_Annotation" classname="com.examly.springapp.SpringappApplicationTests" time="0.004"/>
  <testcase name="Day6_test_CategoryController_File_Exists" classname="com.examly.springapp.SpringappApplicationTests" time="0.057"/>
  <testcase name="Day6_test_ProductController_File_Exists" classname="com.examly.springapp.SpringappApplicationTests" time="0.004"/>
  <testcase name="Day6_test_StockEntryController_File_Exists" classname="com.examly.springapp.SpringappApplicationTests" time="0.004"/>
  <testcase name="Day6_test_StockMovementController_File_Exists" classname="com.examly.springapp.SpringappApplicationTests" time="0.004"/>
  <testcase name="Day6_test_WarehouseController_File_Exists" classname="com.examly.springapp.SpringappApplicationTests" time="0.004"/>
  <testcase name="Day6_test_CategoryController_Has_RestController_Annotation" classname="com.examly.springapp.SpringappApplicationTests" time="0.003"/>
  <testcase name="Day6_test_ProductController_Has_RestController_Annotation" classname="com.examly.springapp.SpringappApplicationTests" time="0.004"/>
  <testcase name="Day6_test_CategoryController_Has_PostMapping" classname="com.examly.springapp.SpringappApplicationTests" time="0.004"/>
  <testcase name="Day6_test_CategoryController_Has_GetMapping" classname="com.examly.springapp.SpringappApplicationTests" time="0.002"/>
  <testcase name="Day6_test_CategoryController_Has_PutMapping" classname="com.examly.springapp.SpringappApplicationTests" time="0.003"/>
  <testcase name="Day6_test_CategoryController_Has_DeleteMapping" classname="com.examly.springapp.SpringappApplicationTests" time="0.06"/>
  <testcase name="Day6_testCreateCategory_NoBody_StatusBadRequest" classname="com.examly.springapp.SpringappApplicationTests" time="0.136"/>
  <testcase name="Day6_testGetAllCategories_StatusNoCotent" classname="com.examly.springapp.SpringappApplicationTests" time="0.183">
    <system-out><![CDATA[Hibernate: select c1_0.category_id,c1_0.category_name from category c1_0
]]></system-out>
  </testcase>
  <testcase name="Day7_test_CategoryController_Has_RequestMapping" classname="com.examly.springapp.SpringappApplicationTests" time="0.005"/>
  <testcase name="Day7_test_CategoryController_Has_PathVariable" classname="com.examly.springapp.SpringappApplicationTests" time="0.005"/>
  <testcase name="Day7_test_ProductController_Has_RequestMapping" classname="com.examly.springapp.SpringappApplicationTests" time="0.004"/>
  <testcase name="Day7_test_WarehouseController_Has_RequestMapping" classname="com.examly.springapp.SpringappApplicationTests" time="0.004"/>
  <testcase name="Day7_test_ProductController_Has_PathVariable" classname="com.examly.springapp.SpringappApplicationTests" time="0.004"/>
  <testcase name="Day7_test_WarehouseController_Has_PathVariable" classname="com.examly.springapp.SpringappApplicationTests" time="0.004"/>
  <testcase name="Day7_test_StockMovement_Has_RequestMapping" classname="com.examly.springapp.SpringappApplicationTests" time="0.003"/>
  <testcase name="Day8_test_CategoryService_File_Exists" classname="com.examly.springapp.SpringappApplicationTests" time="0.042"/>
  <testcase name="Day8_test_ProductService_File_Exists" classname="com.examly.springapp.SpringappApplicationTests" time="0.004"/>
  <testcase name="Day8_test_StockEntryService_File_Exists" classname="com.examly.springapp.SpringappApplicationTests" time="0.004"/>
  <testcase name="Day8_test_StockMovementService_File_Exists" classname="com.examly.springapp.SpringappApplicationTests" time="0.004"/>
  <testcase name="Day8_test_WarehouseService_File_Exists" classname="com.examly.springapp.SpringappApplicationTests" time="0.004"/>
  <testcase name="Day8_test_CategoryServiceImpl_File_Exists" classname="com.examly.springapp.SpringappApplicationTests" time="0.004"/>
  <testcase name="Day8_test_ProductServiceImpl_File_Exists" classname="com.examly.springapp.SpringappApplicationTests" time="0.003"/>
  <testcase name="Day8_test_StockEntryServiceImpl_File_Exists" classname="com.examly.springapp.SpringappApplicationTests" time="0.004"/>
  <testcase name="Day8_test_StockMovementServiceImpl_File_Exists" classname="com.examly.springapp.SpringappApplicationTests" time="0.004"/>
  <testcase name="Day8_test_WarehouseServiceImpl_File_Exists" classname="com.examly.springapp.SpringappApplicationTests" time="0.003"/>
  <testcase name="Day8_testAddCategory" classname="com.examly.springapp.SpringappApplicationTests" time="0.27">
    <system-out><![CDATA[Hibernate: insert into category (category_name) values (?)
]]></system-out>
  </testcase>
  <testcase name="Day8_testGetAllCategories" classname="com.examly.springapp.SpringappApplicationTests" time="0.018">
    <system-out><![CDATA[Hibernate: select c1_0.category_id,c1_0.category_name from category c1_0
]]></system-out>
  </testcase>
  <testcase name="Day8_testGetCategoryById" classname="com.examly.springapp.SpringappApplicationTests" time="0.081">
    <system-out><![CDATA[Hibernate: select c1_0.category_id,c1_0.category_name from category c1_0 where c1_0.category_id=?
]]></system-out>
  </testcase>
  <testcase name="Day8_testUpdateCategory" classname="com.examly.springapp.SpringappApplicationTests" time="0.021">
    <system-out><![CDATA[Hibernate: select c1_0.category_id,c1_0.category_name from category c1_0 where c1_0.category_id=?
Hibernate: update category set category_name=? where category_id=?
]]></system-out>
  </testcase>
  <testcase name="Day9_testPagination_PageNumberApplied" classname="com.examly.springapp.SpringappApplicationTests" time="0.084">
    <system-out><![CDATA[Hibernate: select c1_0.category_id,c1_0.category_name from category c1_0 limit ?,?
2025-12-27T03:49:11.544Z  WARN 877 --- [           main] ration$PageModule$WarningLoggingModifier : Serializing PageImpl instances as-is is not supported, meaning that there is no guarantee about the stability of the resulting JSON structure!
	For a stable JSON structure, please use Spring Data's PagedModel (globally via @EnableSpringDataWebSupport(pageSerializationMode = VIA_DTO))
	or Spring HATEOAS and Spring Data's PagedResourcesAssembler as documented in https://docs.spring.io/spring-data/commons/reference/repositories/core-extensions.html#core.web.pageables.

]]></system-out>
  </testcase>
  <testcase name="Day9_testPagination_PageSizeApplied" classname="com.examly.springapp.SpringappApplicationTests" time="0.017">
    <system-out><![CDATA[Hibernate: select c1_0.category_id,c1_0.category_name from category c1_0 limit ?,?
Hibernate: select count(c1_0.category_id) from category c1_0
]]></system-out>
  </testcase>
  <testcase name="Day9_testPagination_SortingPresent" classname="com.examly.springapp.SpringappApplicationTests" time="0.013">
    <system-out><![CDATA[Hibernate: select c1_0.category_id,c1_0.category_name from category c1_0 limit ?,?
]]></system-out>
  </testcase>
  <testcase name="Day9_testPagination_ContentArrayExists" classname="com.examly.springapp.SpringappApplicationTests" time="0.05">
    <system-out><![CDATA[Hibernate: select c1_0.category_id,c1_0.category_name from category c1_0 limit ?,?
]]></system-out>
  </testcase>
  <testcase name="Day8_testPagination_TotalElementsExists" classname="com.examly.springapp.SpringappApplicationTests" time="0.01">
    <system-out><![CDATA[Hibernate: select c1_0.category_id,c1_0.category_name from category c1_0 limit ?,?
]]></system-out>
  </testcase>
  <testcase name="Day8_testPagination_TotalPagesExists" classname="com.examly.springapp.SpringappApplicationTests" time="0.01">
    <system-out><![CDATA[Hibernate: select c1_0.category_id,c1_0.category_name from category c1_0 limit ?,?
]]></system-out>
  </testcase>
  <testcase name="Day10_testAddProduct" classname="com.examly.springapp.SpringappApplicationTests" time="0.016">
    <system-out><![CDATA[Hibernate: insert into product (category_id,description,product_name) values (?,?,?)
]]></system-out>
  </testcase>
  <testcase name="Day10_testGetAllProducts" classname="com.examly.springapp.SpringappApplicationTests" time="0.016">
    <system-out><![CDATA[Hibernate: select p1_0.product_id,p1_0.category_id,p1_0.description,p1_0.product_name from product p1_0
Hibernate: select c1_0.category_id,c1_0.category_name from category c1_0 where c1_0.category_id=?
]]></system-out>
  </testcase>
  <testcase name="Day10_testGetProductById" classname="com.examly.springapp.SpringappApplicationTests" time="0.045">
    <system-out><![CDATA[Hibernate: select p1_0.product_id,c1_0.category_id,c1_0.category_name,p1_0.description,p1_0.product_name from product p1_0 left join category c1_0 on c1_0.category_id=p1_0.category_id where p1_0.product_id=?
]]></system-out>
  </testcase>
  <testcase name="Day10_testUpdateProduct" classname="com.examly.springapp.SpringappApplicationTests" time="0.013">
    <system-out><![CDATA[Hibernate: select p1_0.product_id,c1_0.category_id,c1_0.category_name,p1_0.description,p1_0.product_name from product p1_0 left join category c1_0 on c1_0.category_id=p1_0.category_id where p1_0.product_id=?
Hibernate: update product set category_id=?,description=?,product_name=? where product_id=?
]]></system-out>
  </testcase>
  <testcase name="Day10_testAddWarehouse" classname="com.examly.springapp.SpringappApplicationTests" time="0.012">
    <system-out><![CDATA[Hibernate: insert into warehouse (location,name) values (?,?)
]]></system-out>
  </testcase>
  <testcase name="Day10_testGetAllWarehouses" classname="com.examly.springapp.SpringappApplicationTests" time="0.009">
    <system-out><![CDATA[Hibernate: select w1_0.warehouse_id,w1_0.location,w1_0.name from warehouse w1_0
]]></system-out>
  </testcase>
  <testcase name="Day10_testGetWarehouseById" classname="com.examly.springapp.SpringappApplicationTests" time="0.008">
    <system-out><![CDATA[Hibernate: select w1_0.warehouse_id,w1_0.location,w1_0.name from warehouse w1_0 where w1_0.warehouse_id=?
]]></system-out>
  </testcase>
  <testcase name="Day10_testUpdateWarehouse" classname="com.examly.springapp.SpringappApplicationTests" time="0.057">
    <system-out><![CDATA[Hibernate: select w1_0.warehouse_id,w1_0.location,w1_0.name from warehouse w1_0 where w1_0.warehouse_id=?
Hibernate: update warehouse set location=?,name=? where warehouse_id=?
]]></system-out>
  </testcase>
  <testcase name="Day11_testGetWarehousesByLocation" classname="com.examly.springapp.SpringappApplicationTests" time="0.028">
    <system-out><![CDATA[Hibernate: select w1_0.warehouse_id,w1_0.location,w1_0.name from warehouse w1_0 where w1_0.location=?
]]></system-out>
  </testcase>
  <testcase name="Day12_testGetProductsBycategoryName" classname="com.examly.springapp.SpringappApplicationTests" time="0.062">
    <system-out><![CDATA[Hibernate: select p1_0.product_id,p1_0.category_id,p1_0.description,p1_0.product_name from product p1_0 join category c1_0 on c1_0.category_id=p1_0.category_id where c1_0.category_name=?
Hibernate: select c1_0.category_id,c1_0.category_name from category c1_0 where c1_0.category_id=?
]]></system-out>
  </testcase>
  <testcase name="Day12_testGetWarehouseByLocationAndName" classname="com.examly.springapp.SpringappApplicationTests" time="0.01">
    <system-out><![CDATA[Hibernate: select w1_0.warehouse_id,w1_0.location,w1_0.name from warehouse w1_0 where w1_0.location=? and w1_0.name=?
]]></system-out>
  </testcase>
  <testcase name="Day12_testGetWarehouseByLocation_NotFound" classname="com.examly.springapp.SpringappApplicationTests" time="0.009">
    <system-out><![CDATA[Hibernate: select w1_0.warehouse_id,w1_0.location,w1_0.name from warehouse w1_0 where w1_0.location=?
]]></system-out>
  </testcase>
  <testcase name="Day12_testGetProductByName" classname="com.examly.springapp.SpringappApplicationTests" time="0.012">
    <system-out><![CDATA[Hibernate: select p1_0.product_id,p1_0.category_id,p1_0.description,p1_0.product_name from product p1_0 where p1_0.product_name=?
Hibernate: select c1_0.category_id,c1_0.category_name from category c1_0 where c1_0.category_id=?
]]></system-out>
  </testcase>
  <testcase name="Day12_testGetProductByName_NotFound" classname="com.examly.springapp.SpringappApplicationTests" time="0.007">
    <system-out><![CDATA[Hibernate: select p1_0.product_id,p1_0.category_id,p1_0.description,p1_0.product_name from product p1_0 where p1_0.product_name=?
]]></system-out>
  </testcase>
  <testcase name="Day13_test_execption_Directory_Exists" classname="com.examly.springapp.SpringappApplicationTests" time="0.002"/>
  <testcase name="Day13_test_GloabalEception_File_Exists" classname="com.examly.springapp.SpringappApplicationTests" time="0.055"/>
  <testcase name="Day14test_configuartion_Directory_Exists" classname="com.examly.springapp.SpringappApplicationTests" time="0.002"/>
  <testcase name="Day15_testAOPLogFileExists" classname="com.examly.springapp.SpringappApplicationTests" time="0.003"/>
</testsuite>